/content/drive/MyDrive/ADL-P04-02
Files already downloaded and verified
Files already downloaded and verified
**** Loading Model...
**** Model is loaded successfully ****
Evaluation Classifier: 100% 156/156 [00:03<00:00, 41.93it/s, acc1=84.054, acc2=92.939, loss=0.567]
+-------------------------+
train + Epsilon = 0.0
+-------------------------+
Iterative FGSM ( epsilone = 0.00000e+00 ): 100% 50000/50000 [04:24<00:00, 188.78it/s, acc=0.960]
Accuracy: 0.960
+-------------------------+
test + Epsilon = 0.0
+-------------------------+
Iterative FGSM ( epsilone = 0.00000e+00 ): 100% 10000/10000 [00:50<00:00, 197.89it/s, acc=0.841]
Accuracy: 0.841
+-------------------------+
train + Epsilon = 0.05
+-------------------------+
Iterative FGSM ( epsilone = 5.00000e-02 ): 100% 50000/50000 [12:57<00:00, 64.31it/s, acc=0.331]
Accuracy: 0.331
+-------------------------+
test + Epsilon = 0.05
+-------------------------+
Iterative FGSM ( epsilone = 5.00000e-02 ): 100% 10000/10000 [02:20<00:00, 71.16it/s, acc=0.302]
Accuracy: 0.302
+-------------------------+
train + Epsilon = 0.1
+-------------------------+
Iterative FGSM ( epsilone = 1.00000e-01 ): 100% 50000/50000 [12:45<00:00, 65.30it/s, acc=0.226]
Accuracy: 0.226
+-------------------------+
test + Epsilon = 0.1
+-------------------------+
Iterative FGSM ( epsilone = 1.00000e-01 ): 100% 10000/10000 [02:20<00:00, 71.21it/s, acc=0.209]
Accuracy: 0.209
+-------------------------+
train + Epsilon = 0.15000000000000002
+-------------------------+
Iterative FGSM ( epsilone = 1.50000e-01 ): 100% 50000/50000 [12:43<00:00, 65.45it/s, acc=0.172]
Accuracy: 0.172
+-------------------------+
test + Epsilon = 0.15000000000000002
+-------------------------+
Iterative FGSM ( epsilone = 1.50000e-01 ): 100% 10000/10000 [02:20<00:00, 71.16it/s, acc=0.156]
Accuracy: 0.156
+-------------------------+
train + Epsilon = 0.2
+-------------------------+
Iterative FGSM ( epsilone = 2.00000e-01 ): 100% 50000/50000 [12:42<00:00, 65.55it/s, acc=0.140]
Accuracy: 0.140
+-------------------------+
test + Epsilon = 0.2
+-------------------------+
Iterative FGSM ( epsilone = 2.00000e-01 ): 100% 10000/10000 [02:20<00:00, 71.29it/s, acc=0.130]
Accuracy: 0.130