/content/drive/MyDrive/ADL-P04-02
Files already downloaded and verified
Files already downloaded and verified
Downloading: "https://download.pytorch.org/models/vgg19_bn-c79401a0.pth" to /root/.cache/torch/hub/checkpoints/vgg19_bn-c79401a0.pth
100% 548M/548M [00:02<00:00, 235MB/s]
Files already downloaded and verified
Training model without any teacher...
Training Classifier @ Epoch 0: 100% 703/703 [00:50<00:00, 13.88it/s, acc1=23.089, acc2=41.785, loss=2.655, lr=1.00000e-03]
Evaluation Classifier @ Epoch 0: 100% 78/78 [00:01<00:00, 43.83it/s, acc1=19.792, acc2=40.264, loss=2.021]
Training Classifier @ Epoch 1: 100% 703/703 [00:49<00:00, 14.19it/s, acc1=24.931, acc2=47.708, loss=1.876, lr=1.00000e-03]
Evaluation Classifier @ Epoch 1: 100% 78/78 [00:01<00:00, 44.03it/s, acc1=29.748, acc2=59.315, loss=1.901]
Training Classifier @ Epoch 2: 100% 703/703 [00:49<00:00, 14.16it/s, acc1=35.248, acc2=63.431, loss=1.591, lr=1.00000e-03]
Evaluation Classifier @ Epoch 2: 100% 78/78 [00:01<00:00, 44.19it/s, acc1=34.155, acc2=60.797, loss=1.533]
Training Classifier @ Epoch 3: 100% 703/703 [00:49<00:00, 14.08it/s, acc1=41.621, acc2=69.730, loss=1.417, lr=1.00000e-03]
Evaluation Classifier @ Epoch 3: 100% 78/78 [00:01<00:00, 43.64it/s, acc1=44.391, acc2=71.134, loss=1.373]
Training Classifier @ Epoch 4: 100% 703/703 [00:49<00:00, 14.06it/s, acc1=50.656, acc2=75.540, loss=1.269, lr=1.00000e-03]
Evaluation Classifier @ Epoch 4: 100% 78/78 [00:01<00:00, 44.46it/s, acc1=49.399, acc2=74.299, loss=1.279]
Training Classifier @ Epoch 5: 100% 703/703 [00:50<00:00, 13.96it/s, acc1=65.554, acc2=84.244, loss=0.931, lr=1.00000e-04]
Evaluation Classifier @ Epoch 5: 100% 78/78 [00:01<00:00, 43.66it/s, acc1=71.194, acc2=88.081, loss=0.796]
Training Classifier @ Epoch 6: 100% 703/703 [00:49<00:00, 14.06it/s, acc1=71.037, acc2=87.522, loss=0.799, lr=1.00000e-04]
Evaluation Classifier @ Epoch 6: 100% 78/78 [00:01<00:00, 43.96it/s, acc1=75.721, acc2=89.403, loss=0.699]
Training Classifier @ Epoch 7: 100% 703/703 [00:50<00:00, 14.05it/s, acc1=75.640, acc2=89.736, loss=0.696, lr=1.00000e-04]
Evaluation Classifier @ Epoch 7: 100% 78/78 [00:01<00:00, 44.81it/s, acc1=76.763, acc2=90.104, loss=0.664]
Training Classifier @ Epoch 8: 100% 703/703 [00:50<00:00, 14.03it/s, acc1=79.190, acc2=91.381, loss=0.610, lr=1.00000e-04]
Evaluation Classifier @ Epoch 8: 100% 78/78 [00:01<00:00, 45.02it/s, acc1=80.148, acc2=91.126, loss=0.599]
Training Classifier @ Epoch 9: 100% 703/703 [00:50<00:00, 14.02it/s, acc1=83.119, acc2=93.319, loss=0.500, lr=1.00000e-05]
Evaluation Classifier @ Epoch 9: 100% 78/78 [00:01<00:00, 43.87it/s, acc1=81.430, acc2=91.687, loss=0.554]
Training Classifier @ Epoch 10: 100% 703/703 [00:50<00:00, 13.99it/s, acc1=84.435, acc2=93.919, loss=0.467, lr=1.00000e-05]
Evaluation Classifier @ Epoch 10: 100% 78/78 [00:01<00:00, 44.19it/s, acc1=81.571, acc2=92.127, loss=0.550]
Training Classifier @ Epoch 11: 100% 703/703 [00:49<00:00, 14.08it/s, acc1=85.102, acc2=94.317, loss=0.447, lr=1.00000e-05]
Evaluation Classifier @ Epoch 11: 100% 78/78 [00:01<00:00, 44.82it/s, acc1=81.631, acc2=91.907, loss=0.550]
Training Classifier @ Epoch 12: 100% 703/703 [00:49<00:00, 14.07it/s, acc1=85.677, acc2=94.468, loss=0.430, lr=1.00000e-05]
Evaluation Classifier @ Epoch 12: 100% 78/78 [00:01<00:00, 43.97it/s, acc1=82.111, acc2=91.727, loss=0.544]
Training Classifier @ Epoch 13: 100% 703/703 [00:49<00:00, 14.14it/s, acc1=85.991, acc2=94.799, loss=0.418, lr=1.00000e-06]
Evaluation Classifier @ Epoch 13: 100% 78/78 [00:01<00:00, 44.59it/s, acc1=82.171, acc2=91.987, loss=0.541]
Training Classifier @ Epoch 14: 100% 703/703 [00:49<00:00, 14.10it/s, acc1=86.362, acc2=94.899, loss=0.411, lr=1.00000e-06]
Evaluation Classifier @ Epoch 14: 100% 78/78 [00:01<00:00, 45.52it/s, acc1=82.452, acc2=92.127, loss=0.543]
Training Classifier @ Epoch 15: 100% 703/703 [00:50<00:00, 14.05it/s, acc1=86.489, acc2=94.999, loss=0.406, lr=1.00000e-06]
Evaluation Classifier @ Epoch 15: 100% 78/78 [00:01<00:00, 44.79it/s, acc1=82.352, acc2=92.208, loss=0.544]
Training Classifier @ Epoch 16: 100% 703/703 [00:49<00:00, 14.15it/s, acc1=86.382, acc2=94.888, loss=0.408, lr=1.00000e-06]
Evaluation Classifier @ Epoch 16: 100% 78/78 [00:01<00:00, 45.73it/s, acc1=82.212, acc2=92.228, loss=0.542]
Training Classifier @ Epoch 17: 100% 703/703 [00:49<00:00, 14.12it/s, acc1=86.326, acc2=95.006, loss=0.411, lr=1.00000e-06]
Evaluation Classifier @ Epoch 17: 100% 78/78 [00:01<00:00, 45.75it/s, acc1=81.971, acc2=92.388, loss=0.546]
Training Classifier @ Epoch 18: 100% 703/703 [00:49<00:00, 14.14it/s, acc1=86.389, acc2=94.937, loss=0.409, lr=1.00000e-06]
Evaluation Classifier @ Epoch 18: 100% 78/78 [00:01<00:00, 45.65it/s, acc1=82.412, acc2=92.127, loss=0.541]
Training Classifier @ Epoch 19: 100% 703/703 [00:49<00:00, 14.14it/s, acc1=86.500, acc2=94.997, loss=0.404, lr=1.00000e-06]
Evaluation Classifier @ Epoch 19: 100% 78/78 [00:01<00:00, 44.91it/s, acc1=82.412, acc2=91.787, loss=0.543]
Training Classifier @ Epoch 20: 100% 703/703 [00:50<00:00, 14.04it/s, acc1=86.660, acc2=95.008, loss=0.402, lr=1.00000e-06]
Evaluation Classifier @ Epoch 20: 100% 78/78 [00:01<00:00, 44.91it/s, acc1=82.352, acc2=92.047, loss=0.540]
Training Classifier @ Epoch 21: 100% 703/703 [00:49<00:00, 14.15it/s, acc1=86.384, acc2=95.015, loss=0.403, lr=1.00000e-06]
Evaluation Classifier @ Epoch 21: 100% 78/78 [00:01<00:00, 45.81it/s, acc1=82.332, acc2=91.947, loss=0.539]
Training Classifier @ Epoch 22: 100% 703/703 [00:49<00:00, 14.13it/s, acc1=86.638, acc2=95.021, loss=0.401, lr=1.00000e-06]
Evaluation Classifier @ Epoch 22: 100% 78/78 [00:01<00:00, 45.73it/s, acc1=82.151, acc2=92.047, loss=0.542]
Training Classifier @ Epoch 23: 100% 703/703 [00:49<00:00, 14.16it/s, acc1=86.546, acc2=95.068, loss=0.401, lr=1.00000e-06]
Evaluation Classifier @ Epoch 23: 100% 78/78 [00:01<00:00, 45.50it/s, acc1=82.031, acc2=91.887, loss=0.544]
Training Classifier @ Epoch 24: 100% 703/703 [00:49<00:00, 14.09it/s, acc1=86.724, acc2=95.155, loss=0.398, lr=1.00000e-06]
Evaluation Classifier @ Epoch 24: 100% 78/78 [00:01<00:00, 44.31it/s, acc1=82.292, acc2=91.927, loss=0.542]
(Epoch: 24) > Model Saved.
Training Classifier @ Epoch 25: 100% 703/703 [00:50<00:00, 13.86it/s, acc1=86.887, acc2=95.235, loss=0.395, lr=1.00000e-06]
Evaluation Classifier @ Epoch 25: 100% 78/78 [00:01<00:00, 44.75it/s, acc1=82.392, acc2=92.167, loss=0.540]
Training Classifier @ Epoch 26: 100% 703/703 [00:49<00:00, 14.16it/s, acc1=86.884, acc2=95.077, loss=0.396, lr=1.00000e-06]
Evaluation Classifier @ Epoch 26: 100% 78/78 [00:01<00:00, 44.59it/s, acc1=82.232, acc2=91.967, loss=0.545]
Training Classifier @ Epoch 27: 100% 703/703 [00:49<00:00, 14.13it/s, acc1=86.904, acc2=95.266, loss=0.393, lr=1.00000e-06]
Evaluation Classifier @ Epoch 27: 100% 78/78 [00:01<00:00, 45.08it/s, acc1=82.452, acc2=91.827, loss=0.542]
Training Classifier @ Epoch 28: 100% 703/703 [00:49<00:00, 14.15it/s, acc1=86.851, acc2=95.226, loss=0.393, lr=1.00000e-06]
Evaluation Classifier @ Epoch 28: 100% 78/78 [00:01<00:00, 44.82it/s, acc1=82.312, acc2=92.067, loss=0.542]
Training Classifier @ Epoch 29: 100% 703/703 [00:49<00:00, 14.14it/s, acc1=86.860, acc2=95.288, loss=0.391, lr=1.00000e-06]
Evaluation Classifier @ Epoch 29: 100% 78/78 [00:01<00:00, 44.76it/s, acc1=82.091, acc2=91.947, loss=0.541]
Training Classifier @ Epoch 30: 100% 703/703 [00:50<00:00, 14.00it/s, acc1=86.742, acc2=95.144, loss=0.394, lr=1.00000e-06]
Evaluation Classifier @ Epoch 30: 100% 78/78 [00:01<00:00, 44.92it/s, acc1=82.452, acc2=92.007, loss=0.539]
Training Classifier @ Epoch 31: 100% 703/703 [00:49<00:00, 14.14it/s, acc1=87.049, acc2=95.175, loss=0.390, lr=1.00000e-06]
Evaluation Classifier @ Epoch 31: 100% 78/78 [00:01<00:00, 43.95it/s, acc1=82.652, acc2=92.047, loss=0.540]
Training Classifier @ Epoch 32: 100% 703/703 [00:49<00:00, 14.14it/s, acc1=87.091, acc2=95.259, loss=0.383, lr=1.00000e-06]
Evaluation Classifier @ Epoch 32: 100% 78/78 [00:01<00:00, 44.54it/s, acc1=82.332, acc2=91.947, loss=0.547]
Training Classifier @ Epoch 33: 100% 703/703 [00:49<00:00, 14.14it/s, acc1=87.256, acc2=95.381, loss=0.379, lr=1.00000e-06]
Evaluation Classifier @ Epoch 33: 100% 78/78 [00:01<00:00, 45.18it/s, acc1=82.572, acc2=91.947, loss=0.542]
Training Classifier @ Epoch 34: 100% 703/703 [00:49<00:00, 14.11it/s, acc1=87.273, acc2=95.368, loss=0.383, lr=1.00000e-06]
Evaluation Classifier @ Epoch 34: 100% 78/78 [00:01<00:00, 43.80it/s, acc1=82.292, acc2=92.087, loss=0.545]
Training Classifier @ Epoch 35: 100% 703/703 [00:50<00:00, 14.04it/s, acc1=87.382, acc2=95.413, loss=0.381, lr=1.00000e-06]
Evaluation Classifier @ Epoch 35: 100% 78/78 [00:01<00:00, 44.41it/s, acc1=82.412, acc2=92.107, loss=0.545]
Training Classifier @ Epoch 36: 100% 703/703 [00:49<00:00, 14.16it/s, acc1=87.404, acc2=95.539, loss=0.379, lr=1.00000e-06]
Evaluation Classifier @ Epoch 36: 100% 78/78 [00:01<00:00, 45.72it/s, acc1=82.312, acc2=92.127, loss=0.542]
Training Classifier @ Epoch 37: 100% 703/703 [00:49<00:00, 14.13it/s, acc1=87.373, acc2=95.448, loss=0.380, lr=1.00000e-06]
Evaluation Classifier @ Epoch 37: 100% 78/78 [00:01<00:00, 44.48it/s, acc1=82.272, acc2=91.947, loss=0.541]
Training Classifier @ Epoch 38: 100% 703/703 [00:49<00:00, 14.14it/s, acc1=87.611, acc2=95.433, loss=0.375, lr=1.00000e-06]
Evaluation Classifier @ Epoch 38: 100% 78/78 [00:01<00:00, 45.39it/s, acc1=82.232, acc2=91.987, loss=0.543]
Training Classifier @ Epoch 39: 100% 703/703 [00:49<00:00, 14.12it/s, acc1=87.598, acc2=95.564, loss=0.375, lr=1.00000e-06]
Evaluation Classifier @ Epoch 39: 100% 78/78 [00:01<00:00, 44.40it/s, acc1=82.572, acc2=92.228, loss=0.546]
Training Classifier @ Epoch 40: 100% 703/703 [00:50<00:00, 13.96it/s, acc1=87.669, acc2=95.555, loss=0.374, lr=1.00000e-06]
Evaluation Classifier @ Epoch 40: 100% 78/78 [00:01<00:00, 44.56it/s, acc1=82.452, acc2=91.987, loss=0.542]
Training Classifier @ Epoch 41: 100% 703/703 [00:49<00:00, 14.16it/s, acc1=87.542, acc2=95.553, loss=0.373, lr=1.00000e-06]
Evaluation Classifier @ Epoch 41: 100% 78/78 [00:01<00:00, 44.51it/s, acc1=82.252, acc2=91.947, loss=0.547]
Training Classifier @ Epoch 42: 100% 703/703 [00:49<00:00, 14.12it/s, acc1=87.487, acc2=95.477, loss=0.376, lr=1.00000e-06]
Evaluation Classifier @ Epoch 42: 100% 78/78 [00:01<00:00, 44.38it/s, acc1=82.432, acc2=92.007, loss=0.544]
Training Classifier @ Epoch 43: 100% 703/703 [00:49<00:00, 14.14it/s, acc1=87.767, acc2=95.610, loss=0.369, lr=1.00000e-06]
Evaluation Classifier @ Epoch 43: 100% 78/78 [00:01<00:00, 44.89it/s, acc1=82.572, acc2=92.027, loss=0.537]
Training Classifier @ Epoch 44: 100% 703/703 [00:49<00:00, 14.14it/s, acc1=87.680, acc2=95.541, loss=0.372, lr=1.00000e-06]
Evaluation Classifier @ Epoch 44: 100% 78/78 [00:01<00:00, 44.49it/s, acc1=82.572, acc2=92.248, loss=0.543]
Training Classifier @ Epoch 45: 100% 703/703 [00:50<00:00, 14.03it/s, acc1=87.822, acc2=95.595, loss=0.368, lr=1.00000e-06]
Evaluation Classifier @ Epoch 45: 100% 78/78 [00:01<00:00, 45.31it/s, acc1=82.392, acc2=92.127, loss=0.544]
Training Classifier @ Epoch 46: 100% 703/703 [00:49<00:00, 14.10it/s, acc1=87.887, acc2=95.641, loss=0.367, lr=1.00000e-06]
Evaluation Classifier @ Epoch 46: 100% 78/78 [00:01<00:00, 41.49it/s, acc1=82.712, acc2=92.208, loss=0.545]
Training Classifier @ Epoch 47: 100% 703/703 [00:49<00:00, 14.07it/s, acc1=87.991, acc2=95.695, loss=0.363, lr=1.00000e-06]
Evaluation Classifier @ Epoch 47: 100% 78/78 [00:01<00:00, 45.16it/s, acc1=82.532, acc2=92.107, loss=0.540]
Training Classifier @ Epoch 48: 100% 703/703 [00:49<00:00, 14.12it/s, acc1=87.969, acc2=95.635, loss=0.363, lr=1.00000e-06]
Evaluation Classifier @ Epoch 48: 100% 78/78 [00:01<00:00, 44.89it/s, acc1=82.552, acc2=92.067, loss=0.542]
Training Classifier @ Epoch 49: 100% 703/703 [00:49<00:00, 14.13it/s, acc1=88.076, acc2=95.721, loss=0.361, lr=1.00000e-06]
Evaluation Classifier @ Epoch 49: 100% 78/78 [00:01<00:00, 44.79it/s, acc1=82.472, acc2=92.067, loss=0.545]
(Epoch: 49) > Model Saved.