/content/drive/MyDrive/ADL-P04-02
Files already downloaded and verified
Files already downloaded and verified
Files already downloaded and verified
Training model without any teacher...
Training Classifier @ Epoch 0: 100% 703/703 [00:36<00:00, 19.14it/s, acc1=62.153, acc2=77.643, loss=1.272, lr=1.00000e-03]
Evaluation Classifier @ Epoch 0: 100% 78/78 [00:01<00:00, 49.20it/s, acc1=59.275, acc2=77.604, loss=1.682]
Training Classifier @ Epoch 1: 100% 703/703 [00:36<00:00, 19.25it/s, acc1=69.592, acc2=82.917, loss=1.007, lr=1.00000e-03]
Evaluation Classifier @ Epoch 1: 100% 78/78 [00:01<00:00, 49.45it/s, acc1=70.072, acc2=84.555, loss=0.968]
Training Classifier @ Epoch 2: 100% 703/703 [00:36<00:00, 19.24it/s, acc1=73.057, acc2=85.626, loss=0.897, lr=1.00000e-03]
Evaluation Classifier @ Epoch 2: 100% 78/78 [00:01<00:00, 48.63it/s, acc1=70.092, acc2=82.732, loss=0.995]
Training Classifier @ Epoch 3: 100% 703/703 [00:36<00:00, 19.17it/s, acc1=74.558, acc2=86.515, loss=0.833, lr=1.00000e-03]
Evaluation Classifier @ Epoch 3: 100% 78/78 [00:01<00:00, 49.05it/s, acc1=73.458, acc2=84.736, loss=0.847]
Training Classifier @ Epoch 4: 100% 703/703 [00:37<00:00, 18.83it/s, acc1=76.056, acc2=87.420, loss=0.796, lr=1.00000e-03]
Evaluation Classifier @ Epoch 4: 100% 78/78 [00:01<00:00, 49.76it/s, acc1=71.615, acc2=83.614, loss=0.956]
Training Classifier @ Epoch 5: 100% 703/703 [00:36<00:00, 19.09it/s, acc1=83.893, acc2=92.692, loss=0.515, lr=1.00000e-04]
Evaluation Classifier @ Epoch 5: 100% 78/78 [00:01<00:00, 48.90it/s, acc1=83.614, acc2=92.949, loss=0.509]
Training Classifier @ Epoch 6: 100% 703/703 [00:36<00:00, 19.03it/s, acc1=87.064, acc2=94.559, loss=0.411, lr=1.00000e-04]
Evaluation Classifier @ Epoch 6: 100% 78/78 [00:01<00:00, 48.80it/s, acc1=83.894, acc2=92.708, loss=0.496]
Training Classifier @ Epoch 7: 100% 703/703 [00:36<00:00, 19.02it/s, acc1=88.936, acc2=95.564, loss=0.351, lr=1.00000e-04]
Evaluation Classifier @ Epoch 7: 100% 78/78 [00:01<00:00, 48.92it/s, acc1=84.716, acc2=93.450, loss=0.485]
Training Classifier @ Epoch 8: 100% 703/703 [00:36<00:00, 19.03it/s, acc1=90.987, acc2=96.464, loss=0.294, lr=1.00000e-04]
Evaluation Classifier @ Epoch 8: 100% 78/78 [00:01<00:00, 49.90it/s, acc1=84.375, acc2=92.949, loss=0.509]
Training Classifier @ Epoch 9: 100% 703/703 [00:36<00:00, 19.13it/s, acc1=93.670, acc2=97.662, loss=0.209, lr=1.00000e-05]
Evaluation Classifier @ Epoch 9: 100% 78/78 [00:01<00:00, 49.30it/s, acc1=84.996, acc2=93.329, loss=0.504]
Training Classifier @ Epoch 10: 100% 703/703 [00:37<00:00, 18.77it/s, acc1=94.392, acc2=97.862, loss=0.189, lr=1.00000e-05]
Evaluation Classifier @ Epoch 10: 100% 78/78 [00:01<00:00, 48.89it/s, acc1=85.397, acc2=93.329, loss=0.500]
Training Classifier @ Epoch 11: 100% 703/703 [00:36<00:00, 19.10it/s, acc1=94.717, acc2=98.006, loss=0.176, lr=1.00000e-05]
Evaluation Classifier @ Epoch 11: 100% 78/78 [00:01<00:00, 50.19it/s, acc1=85.116, acc2=93.229, loss=0.515]
Training Classifier @ Epoch 12: 100% 703/703 [00:36<00:00, 19.12it/s, acc1=95.101, acc2=98.162, loss=0.165, lr=1.00000e-05]
Evaluation Classifier @ Epoch 12: 100% 78/78 [00:01<00:00, 48.92it/s, acc1=85.096, acc2=93.349, loss=0.531]
Training Classifier @ Epoch 13: 100% 703/703 [00:36<00:00, 19.22it/s, acc1=95.599, acc2=98.362, loss=0.149, lr=1.00000e-06]
Evaluation Classifier @ Epoch 13: 100% 78/78 [00:01<00:00, 49.26it/s, acc1=85.056, acc2=93.209, loss=0.535]
Training Classifier @ Epoch 14: 100% 703/703 [00:36<00:00, 19.15it/s, acc1=95.648, acc2=98.342, loss=0.149, lr=1.00000e-06]
Evaluation Classifier @ Epoch 14: 100% 78/78 [00:01<00:00, 48.78it/s, acc1=85.236, acc2=93.209, loss=0.533]
Training Classifier @ Epoch 15: 100% 703/703 [00:36<00:00, 19.20it/s, acc1=95.646, acc2=98.349, loss=0.149, lr=1.00000e-06]
Evaluation Classifier @ Epoch 15: 100% 78/78 [00:01<00:00, 49.25it/s, acc1=85.016, acc2=93.249, loss=0.535]
Training Classifier @ Epoch 16: 100% 703/703 [00:36<00:00, 19.01it/s, acc1=95.906, acc2=98.440, loss=0.145, lr=1.00000e-06]
Evaluation Classifier @ Epoch 16: 100% 78/78 [00:01<00:00, 48.82it/s, acc1=85.196, acc2=93.389, loss=0.536]
Training Classifier @ Epoch 17: 100% 703/703 [00:36<00:00, 19.22it/s, acc1=95.804, acc2=98.466, loss=0.145, lr=1.00000e-07]
Evaluation Classifier @ Epoch 17: 100% 78/78 [00:01<00:00, 50.51it/s, acc1=85.377, acc2=93.269, loss=0.528]
Training Classifier @ Epoch 18: 100% 703/703 [00:36<00:00, 19.24it/s, acc1=95.928, acc2=98.424, loss=0.144, lr=1.00000e-07]
Evaluation Classifier @ Epoch 18: 100% 78/78 [00:01<00:00, 49.13it/s, acc1=85.276, acc2=93.109, loss=0.536]
Training Classifier @ Epoch 19: 100% 703/703 [00:36<00:00, 19.19it/s, acc1=95.886, acc2=98.417, loss=0.142, lr=1.00000e-07]
Evaluation Classifier @ Epoch 19: 100% 78/78 [00:01<00:00, 49.18it/s, acc1=85.036, acc2=93.109, loss=0.542]
Training Classifier @ Epoch 20: 100% 703/703 [00:36<00:00, 19.22it/s, acc1=95.924, acc2=98.440, loss=0.141, lr=1.00000e-07]
Evaluation Classifier @ Epoch 20: 100% 78/78 [00:01<00:00, 49.97it/s, acc1=85.176, acc2=93.249, loss=0.533]
Training Classifier @ Epoch 21: 100% 703/703 [00:36<00:00, 19.26it/s, acc1=95.973, acc2=98.411, loss=0.141, lr=1.00000e-08]
Evaluation Classifier @ Epoch 21: 100% 78/78 [00:01<00:00, 49.46it/s, acc1=85.076, acc2=93.229, loss=0.533]
Training Classifier @ Epoch 22: 100% 703/703 [00:36<00:00, 19.06it/s, acc1=95.773, acc2=98.400, loss=0.146, lr=1.00000e-08]
Evaluation Classifier @ Epoch 22: 100% 78/78 [00:01<00:00, 47.93it/s, acc1=84.916, acc2=93.089, loss=0.537]
Training Classifier @ Epoch 23: 100% 703/703 [00:36<00:00, 19.23it/s, acc1=95.781, acc2=98.442, loss=0.144, lr=1.00000e-08]
Evaluation Classifier @ Epoch 23: 100% 78/78 [00:01<00:00, 49.74it/s, acc1=85.236, acc2=93.329, loss=0.528]
Training Classifier @ Epoch 24: 100% 703/703 [00:36<00:00, 19.23it/s, acc1=95.977, acc2=98.440, loss=0.143, lr=1.00000e-08]
Evaluation Classifier @ Epoch 24: 100% 78/78 [00:01<00:00, 48.42it/s, acc1=85.196, acc2=93.249, loss=0.536]
(Epoch: 24) > Model Saved.
Training Classifier @ Epoch 25: 100% 703/703 [00:37<00:00, 18.84it/s, acc1=95.837, acc2=98.429, loss=0.146, lr=1.00000e-08]
Evaluation Classifier @ Epoch 25: 100% 78/78 [00:01<00:00, 41.13it/s, acc1=85.196, acc2=93.129, loss=0.540]
Training Classifier @ Epoch 26: 100% 703/703 [00:36<00:00, 19.19it/s, acc1=95.919, acc2=98.453, loss=0.141, lr=1.00000e-08]
Evaluation Classifier @ Epoch 26: 100% 78/78 [00:01<00:00, 48.93it/s, acc1=85.317, acc2=93.209, loss=0.535]
Training Classifier @ Epoch 27: 100% 703/703 [00:36<00:00, 19.22it/s, acc1=95.813, acc2=98.360, loss=0.145, lr=1.00000e-08]
Evaluation Classifier @ Epoch 27: 100% 78/78 [00:01<00:00, 48.02it/s, acc1=84.896, acc2=93.049, loss=0.534]
Training Classifier @ Epoch 28: 100% 703/703 [00:37<00:00, 18.99it/s, acc1=95.835, acc2=98.440, loss=0.143, lr=1.00000e-08]
Evaluation Classifier @ Epoch 28: 100% 78/78 [00:01<00:00, 48.17it/s, acc1=85.317, acc2=93.289, loss=0.541]
Training Classifier @ Epoch 29: 100% 703/703 [00:36<00:00, 19.20it/s, acc1=95.846, acc2=98.433, loss=0.143, lr=1.00000e-08]
Evaluation Classifier @ Epoch 29: 100% 78/78 [00:01<00:00, 48.64it/s, acc1=85.196, acc2=93.169, loss=0.534]
Training Classifier @ Epoch 30: 100% 703/703 [00:36<00:00, 19.18it/s, acc1=95.833, acc2=98.455, loss=0.143, lr=1.00000e-08]
Evaluation Classifier @ Epoch 30: 100% 78/78 [00:01<00:00, 48.49it/s, acc1=85.196, acc2=93.169, loss=0.531]
Training Classifier @ Epoch 31: 100% 703/703 [00:36<00:00, 19.20it/s, acc1=95.873, acc2=98.462, loss=0.142, lr=1.00000e-08]
Evaluation Classifier @ Epoch 31: 100% 78/78 [00:01<00:00, 48.89it/s, acc1=85.317, acc2=93.069, loss=0.538]
Training Classifier @ Epoch 32: 100% 703/703 [00:36<00:00, 19.23it/s, acc1=95.799, acc2=98.442, loss=0.144, lr=1.00000e-08]
Evaluation Classifier @ Epoch 32: 100% 78/78 [00:01<00:00, 47.46it/s, acc1=85.196, acc2=93.169, loss=0.537]
Training Classifier @ Epoch 33: 100% 703/703 [00:36<00:00, 19.23it/s, acc1=95.873, acc2=98.440, loss=0.144, lr=1.00000e-08]
Evaluation Classifier @ Epoch 33: 100% 78/78 [00:01<00:00, 47.81it/s, acc1=85.156, acc2=93.029, loss=0.538]
Training Classifier @ Epoch 34: 100% 703/703 [00:36<00:00, 19.02it/s, acc1=95.779, acc2=98.429, loss=0.144, lr=1.00000e-08]
Evaluation Classifier @ Epoch 34: 100% 78/78 [00:01<00:00, 47.27it/s, acc1=85.096, acc2=93.269, loss=0.537]
Training Classifier @ Epoch 35: 100% 703/703 [00:36<00:00, 19.15it/s, acc1=95.764, acc2=98.342, loss=0.145, lr=1.00000e-08]
Evaluation Classifier @ Epoch 35: 100% 78/78 [00:01<00:00, 48.23it/s, acc1=85.076, acc2=92.969, loss=0.540]
Training Classifier @ Epoch 36: 100% 703/703 [00:36<00:00, 19.21it/s, acc1=95.826, acc2=98.431, loss=0.144, lr=1.00000e-08]
Evaluation Classifier @ Epoch 36: 100% 78/78 [00:01<00:00, 48.29it/s, acc1=85.176, acc2=93.289, loss=0.537]
Training Classifier @ Epoch 37: 100% 703/703 [00:36<00:00, 19.21it/s, acc1=95.817, acc2=98.413, loss=0.143, lr=1.00000e-08]
Evaluation Classifier @ Epoch 37: 100% 78/78 [00:01<00:00, 47.85it/s, acc1=85.156, acc2=93.109, loss=0.529]
Training Classifier @ Epoch 38: 100% 703/703 [00:36<00:00, 19.24it/s, acc1=95.850, acc2=98.420, loss=0.143, lr=1.00000e-08]
Evaluation Classifier @ Epoch 38: 100% 78/78 [00:01<00:00, 48.27it/s, acc1=85.096, acc2=93.169, loss=0.535]
Training Classifier @ Epoch 39: 100% 703/703 [00:36<00:00, 19.21it/s, acc1=95.861, acc2=98.449, loss=0.143, lr=1.00000e-08]
Evaluation Classifier @ Epoch 39: 100% 78/78 [00:01<00:00, 48.50it/s, acc1=85.256, acc2=93.209, loss=0.535]
Training Classifier @ Epoch 40: 100% 703/703 [00:36<00:00, 19.21it/s, acc1=95.868, acc2=98.444, loss=0.143, lr=1.00000e-08]
Evaluation Classifier @ Epoch 40: 100% 78/78 [00:01<00:00, 49.20it/s, acc1=85.196, acc2=93.189, loss=0.537]
Training Classifier @ Epoch 41: 100% 703/703 [00:36<00:00, 19.04it/s, acc1=95.919, acc2=98.493, loss=0.144, lr=1.00000e-08]
Evaluation Classifier @ Epoch 41: 100% 78/78 [00:01<00:00, 48.48it/s, acc1=84.956, acc2=93.149, loss=0.540]
Training Classifier @ Epoch 42: 100% 703/703 [00:36<00:00, 19.18it/s, acc1=95.910, acc2=98.438, loss=0.142, lr=1.00000e-08]
Evaluation Classifier @ Epoch 42: 100% 78/78 [00:01<00:00, 48.67it/s, acc1=85.156, acc2=93.169, loss=0.535]
Training Classifier @ Epoch 43: 100% 703/703 [00:36<00:00, 19.22it/s, acc1=95.906, acc2=98.413, loss=0.143, lr=1.00000e-08]
Evaluation Classifier @ Epoch 43: 100% 78/78 [00:01<00:00, 48.21it/s, acc1=85.337, acc2=93.289, loss=0.528]
Training Classifier @ Epoch 44: 100% 703/703 [00:36<00:00, 19.19it/s, acc1=95.770, acc2=98.404, loss=0.144, lr=1.00000e-08]
Evaluation Classifier @ Epoch 44: 100% 78/78 [00:01<00:00, 48.54it/s, acc1=85.076, acc2=92.989, loss=0.542]
Training Classifier @ Epoch 45: 100% 703/703 [00:36<00:00, 19.23it/s, acc1=95.879, acc2=98.409, loss=0.144, lr=1.00000e-08]
Evaluation Classifier @ Epoch 45: 100% 78/78 [00:01<00:00, 48.47it/s, acc1=85.256, acc2=93.349, loss=0.530]
Training Classifier @ Epoch 46: 100% 703/703 [00:36<00:00, 19.20it/s, acc1=95.890, acc2=98.438, loss=0.144, lr=1.00000e-08]
Evaluation Classifier @ Epoch 46: 100% 78/78 [00:01<00:00, 48.62it/s, acc1=84.996, acc2=93.169, loss=0.546]
Training Classifier @ Epoch 47: 100% 703/703 [00:37<00:00, 18.99it/s, acc1=95.853, acc2=98.424, loss=0.142, lr=1.00000e-08]
Evaluation Classifier @ Epoch 47: 100% 78/78 [00:01<00:00, 48.29it/s, acc1=85.076, acc2=93.069, loss=0.537]
Training Classifier @ Epoch 48: 100% 703/703 [00:36<00:00, 19.19it/s, acc1=95.786, acc2=98.346, loss=0.145, lr=1.00000e-08]
Evaluation Classifier @ Epoch 48: 100% 78/78 [00:01<00:00, 48.23it/s, acc1=85.256, acc2=93.249, loss=0.534]
Training Classifier @ Epoch 49: 100% 703/703 [00:36<00:00, 19.24it/s, acc1=95.815, acc2=98.415, loss=0.145, lr=1.00000e-08]
Evaluation Classifier @ Epoch 49: 100% 78/78 [00:01<00:00, 48.43it/s, acc1=85.016, acc2=93.069, loss=0.535]
(Epoch: 49) > Model Saved.